<?xml version="1.0" encoding="UTF-8"?>
<!-- Generated by org.testng.reporters.JUnitReportReporter -->
<testsuite skipped="0" hostname="Jayarees-MacBook-Pro.local" name="Stepdef.Successful_Registration_from_FUN_with_Top_Up" tests="3" failures="0" timestamp="19 Aug 2020 11:31:54 GMT" time="173.695" errors="0">
  <testcase name="i_am_a_new_user" time="14.650" classname="Stepdef.Successful_Registration_from_FUN_with_Top_Up"/>
  <testcase name="i_register" time="159.044" classname="Stepdef.Successful_Registration_from_FUN_with_Top_Up"/>
  <testcase name="i_see_a_wallet_with_three_pounds" time="0.001" classname="Stepdef.Successful_Registration_from_FUN_with_Top_Up"/>
</testsuite> <!-- Stepdef.Successful_Registration_from_FUN_with_Top_Up -->
