<?xml version="1.0" encoding="UTF-8"?>
<!-- Generated by org.testng.reporters.JUnitReportReporter -->
<testsuite skipped="0" hostname="Jayarees-MacBook-Pro.local" name="Stepdef.Wallet_balance_free_point_on_publications" tests="3" failures="0" timestamp="24 Aug 2020 13:39:22 GMT" time="200.686" errors="0">
  <testcase name="i_am_a_new_user" time="13.791" classname="Stepdef.Wallet_balance_free_point_on_publications"/>
  <testcase name="i_reg_on_popbitch_and_navigate_to_grantham" time="186.726" classname="Stepdef.Wallet_balance_free_point_on_publications"/>
  <testcase name="wallet_balance_is_same_on_both_publications" time="0.169" classname="Stepdef.Wallet_balance_free_point_on_publications"/>
</testsuite> <!-- Stepdef.Wallet_balance_free_point_on_publications -->
