<?xml version="1.0" encoding="UTF-8"?>
<!-- Generated by org.testng.reporters.JUnitReportReporter -->
<testsuite skipped="0" hostname="Jayarees-MacBook-Pro.local" name="Stepdef.Successful_transaction_from_New_Publication_Notice" tests="2" failures="0" timestamp="20 Aug 2020 13:36:47 GMT" time="79.452" errors="0">
  <testcase name="i_am_a_new_user" time="16.270" classname="Stepdef.Successful_transaction_from_New_Publication_Notice"/>
  <testcase name="i_register_from_popbitch" time="63.182" classname="Stepdef.Successful_transaction_from_New_Publication_Notice"/>
</testsuite> <!-- Stepdef.Successful_transaction_from_New_Publication_Notice -->
